-------------------------------------------------------------------------------
Test set: br.com.bdd.runner.TesteRunner
-------------------------------------------------------------------------------
Tests run: 12, Failures: 6, Errors: 0, Skipped: 0, Time elapsed: 55.477 sec <<< FAILURE!
Then apresenta a lista de busca(Scenario: CT01_busca_google)  Time elapsed: 0.003 sec  <<< FAILURE!
java.lang.AssertionError
	at org.junit.Assert.fail(Assert.java:86)
	at org.junit.Assert.assertTrue(Assert.java:41)
	at org.junit.Assert.assertFalse(Assert.java:64)
	at org.junit.Assert.assertFalse(Assert.java:74)
	at br.com.bdd.steps.google.apresenta_a_lista_de_busca(google.java:40)
	at ?.Then apresenta a lista de busca(google.feature:11)

Scenario: CT01_busca_google  Time elapsed: 0.004 sec  <<< FAILURE!
java.lang.AssertionError
	at org.junit.Assert.fail(Assert.java:86)
	at org.junit.Assert.assertTrue(Assert.java:41)
	at org.junit.Assert.assertFalse(Assert.java:64)
	at org.junit.Assert.assertFalse(Assert.java:74)
	at br.com.bdd.steps.google.apresenta_a_lista_de_busca(google.java:40)
	at ?.Then apresenta a lista de busca(google.feature:11)

Then apresenta a lista de busca(Scenario: CT02_busca_google)  Time elapsed: 0.001 sec  <<< FAILURE!
java.lang.AssertionError
	at org.junit.Assert.fail(Assert.java:86)
	at org.junit.Assert.assertTrue(Assert.java:41)
	at org.junit.Assert.assertFalse(Assert.java:64)
	at org.junit.Assert.assertFalse(Assert.java:74)
	at br.com.bdd.steps.google.apresenta_a_lista_de_busca(google.java:40)
	at ?.Then apresenta a lista de busca(google.feature:16)

Scenario: CT02_busca_google  Time elapsed: 0.001 sec  <<< FAILURE!
java.lang.AssertionError
	at org.junit.Assert.fail(Assert.java:86)
	at org.junit.Assert.assertTrue(Assert.java:41)
	at org.junit.Assert.assertFalse(Assert.java:64)
	at org.junit.Assert.assertFalse(Assert.java:74)
	at br.com.bdd.steps.google.apresenta_a_lista_de_busca(google.java:40)
	at ?.Then apresenta a lista de busca(google.feature:16)

Then apresenta a lista de busca(Scenario: CT03_busca_google)  Time elapsed: 0 sec  <<< FAILURE!
java.lang.AssertionError
	at org.junit.Assert.fail(Assert.java:86)
	at org.junit.Assert.assertTrue(Assert.java:41)
	at org.junit.Assert.assertFalse(Assert.java:64)
	at org.junit.Assert.assertFalse(Assert.java:74)
	at br.com.bdd.steps.google.apresenta_a_lista_de_busca(google.java:40)
	at ?.Then apresenta a lista de busca(google.feature:21)

Scenario: CT03_busca_google  Time elapsed: 0 sec  <<< FAILURE!
java.lang.AssertionError
	at org.junit.Assert.fail(Assert.java:86)
	at org.junit.Assert.assertTrue(Assert.java:41)
	at org.junit.Assert.assertFalse(Assert.java:64)
	at org.junit.Assert.assertFalse(Assert.java:74)
	at br.com.bdd.steps.google.apresenta_a_lista_de_busca(google.java:40)
	at ?.Then apresenta a lista de busca(google.feature:21)

