<?xml version="1.0" encoding="UTF-8" ?>
<testsuite tests="25" failures="0" name="br.com.bdd.runner.TesteRunner" time="5.13" errors="0" skipped="0">
  <properties>
[...]
</properties>
  <testcase classname="Cenario: CT01_Login_com_dados_corretos" name="Dado que acesso a url &quot;https://opensource-demo.orangehrmlive.com/&quot;" time="0.013"/>
  <testcase classname="Cenario: CT01_Login_com_dados_corretos" name="Dado que digito o usuario e senha" time="0"/>
  <testcase classname="Cenario: CT01_Login_com_dados_corretos" name="E clico em login" time="0"/>
  <testcase classname="Cenario: CT01_Login_com_dados_corretos" name="Entao acesso o sistema com sucesso" time="0"/>
  <testcase classname="Cenario: CT01_Login_com_dados_corretos" name="Cenario: CT01_Login_com_dados_corretos" time="1.045"/>
  <testcase classname="Cenario: CT02_Login_com_senha_incorreta" name="Dado que acesso a url &quot;https://opensource-demo.orangehrmlive.com/&quot;" time="0"/>
  <testcase classname="Cenario: CT02_Login_com_senha_incorreta" name="Dado que digito o usuario e senha" time="0"/>
  <testcase classname="Cenario: CT02_Login_com_senha_incorreta" name="E clico em login" time="0"/>
  <testcase classname="Cenario: CT02_Login_com_senha_incorreta" name="Entao valido a mensagem de erro &quot;Invalid credentials&quot;" time="0"/>
  <testcase classname="Cenario: CT02_Login_com_senha_incorreta" name="Cenario: CT02_Login_com_senha_incorreta" time="1.14"/>
  <testcase classname="Cenario: CT03_Login_com_senha_em_branco" name="Dado que acesso a url &quot;https://opensource-demo.orangehrmlive.com/&quot;" time="0"/>
  <testcase classname="Cenario: CT03_Login_com_senha_em_branco" name="Dado que digito o usuario e senha" time="0"/>
  <testcase classname="Cenario: CT03_Login_com_senha_em_branco" name="E clico em login" time="0"/>
  <testcase classname="Cenario: CT03_Login_com_senha_em_branco" name="Entao valido a mensagem de erro &quot;Password cannot be empty&quot;" time="0"/>
  <testcase classname="Cenario: CT03_Login_com_senha_em_branco" name="Cenario: CT03_Login_com_senha_em_branco" time="0.961"/>
  <testcase classname="Cenario: CT04_Login_com_usuario_em_branco" name="Dado que acesso a url &quot;https://opensource-demo.orangehrmlive.com/&quot;" time="0"/>
  <testcase classname="Cenario: CT04_Login_com_usuario_em_branco" name="Dado que digito o usuario e senha" time="0"/>
  <testcase classname="Cenario: CT04_Login_com_usuario_em_branco" name="E clico em login" time="0"/>
  <testcase classname="Cenario: CT04_Login_com_usuario_em_branco" name="Entao valido a mensagem de erro &quot;Username cannot be empty&quot;" time="0"/>
  <testcase classname="Cenario: CT04_Login_com_usuario_em_branco" name="Cenario: CT04_Login_com_usuario_em_branco" time="0.996"/>
  <testcase classname="Cenario: CT05_Login_com_usuario_e_senha_em_branco" name="Dado que acesso a url &quot;https://opensource-demo.orangehrmlive.com/&quot;" time="0"/>
  <testcase classname="Cenario: CT05_Login_com_usuario_e_senha_em_branco" name="Dado que digito o usuario e senha" time="0"/>
  <testcase classname="Cenario: CT05_Login_com_usuario_e_senha_em_branco" name="E clico em login" time="0"/>
  <testcase classname="Cenario: CT05_Login_com_usuario_e_senha_em_branco" name="Entao valido a mensagem de erro &quot;Username cannot be empty&quot;" time="0"/>
  <testcase classname="Cenario: CT05_Login_com_usuario_e_senha_em_branco" name="Cenario: CT05_Login_com_usuario_e_senha_em_branco" time="0.975"/>
</testsuite>