<?xml version="1.0" encoding="UTF-8" ?>
<testsuite tests="12" failures="6" name="br.com.bdd.runner.TesteRunner" time="0.014" errors="0" skipped="0">
  <properties>
[...]
</properties>
  <testcase classname="Scenario: CT01_busca_google" name="Given que acesso a url" time="0.005"/>
  <testcase classname="Scenario: CT01_busca_google" name="Given digito o valor &quot;arthur&quot;" time="0"/>
  <testcase classname="Scenario: CT01_busca_google" name="Then apresenta a lista de busca" time="0.003">
    <failure type="java.lang.AssertionError">java.lang.AssertionError
	at org.junit.Assert.fail(Assert.java:86)
	at org.junit.Assert.assertTrue(Assert.java:41)
	at org.junit.Assert.assertFalse(Assert.java:64)
	at org.junit.Assert.assertFalse(Assert.java:74)
	at br.com.bdd.steps.google.apresenta_a_lista_de_busca(google.java:40)
	at ✽.Then apresenta a lista de busca(google.feature:11)
</failure>
    <system-out>apresenta a lista de busca$
</system-out>
  </testcase>
  <testcase classname="Scenario: CT01_busca_google" name="Scenario: CT01_busca_google" time="0.004">
    <failure type="java.lang.AssertionError">java.lang.AssertionError
	at org.junit.Assert.fail(Assert.java:86)
	at org.junit.Assert.assertTrue(Assert.java:41)
	at org.junit.Assert.assertFalse(Assert.java:64)
	at org.junit.Assert.assertFalse(Assert.java:74)
	at br.com.bdd.steps.google.apresenta_a_lista_de_busca(google.java:40)
	at ✽.Then apresenta a lista de busca(google.feature:11)
</failure>
  </testcase>
  <testcase classname="Scenario: CT02_busca_google" name="Given que acesso a url" time="0"/>
  <testcase classname="Scenario: CT02_busca_google" name="Given digito o valor &quot;lívia&quot;" time="0"/>
  <testcase classname="Scenario: CT02_busca_google" name="Then apresenta a lista de busca" time="0.001">
    <failure type="java.lang.AssertionError">java.lang.AssertionError
	at org.junit.Assert.fail(Assert.java:86)
	at org.junit.Assert.assertTrue(Assert.java:41)
	at org.junit.Assert.assertFalse(Assert.java:64)
	at org.junit.Assert.assertFalse(Assert.java:74)
	at br.com.bdd.steps.google.apresenta_a_lista_de_busca(google.java:40)
	at ✽.Then apresenta a lista de busca(google.feature:16)
</failure>
    <system-out>apresenta a lista de busca$
</system-out>
  </testcase>
  <testcase classname="Scenario: CT02_busca_google" name="Scenario: CT02_busca_google" time="0.001">
    <failure type="java.lang.AssertionError">java.lang.AssertionError
	at org.junit.Assert.fail(Assert.java:86)
	at org.junit.Assert.assertTrue(Assert.java:41)
	at org.junit.Assert.assertFalse(Assert.java:64)
	at org.junit.Assert.assertFalse(Assert.java:74)
	at br.com.bdd.steps.google.apresenta_a_lista_de_busca(google.java:40)
	at ✽.Then apresenta a lista de busca(google.feature:16)
</failure>
  </testcase>
  <testcase classname="Scenario: CT03_busca_google" name="Given que acesso a url" time="0"/>
  <testcase classname="Scenario: CT03_busca_google" name="Given digito o valor &quot;amanda&quot;" time="0"/>
  <testcase classname="Scenario: CT03_busca_google" name="Then apresenta a lista de busca" time="0">
    <failure type="java.lang.AssertionError">java.lang.AssertionError
	at org.junit.Assert.fail(Assert.java:86)
	at org.junit.Assert.assertTrue(Assert.java:41)
	at org.junit.Assert.assertFalse(Assert.java:64)
	at org.junit.Assert.assertFalse(Assert.java:74)
	at br.com.bdd.steps.google.apresenta_a_lista_de_busca(google.java:40)
	at ✽.Then apresenta a lista de busca(google.feature:21)
</failure>
    <system-out>apresenta a lista de busca$
</system-out>
  </testcase>
  <testcase classname="Scenario: CT03_busca_google" name="Scenario: CT03_busca_google" time="0">
    <failure type="java.lang.AssertionError">java.lang.AssertionError
	at org.junit.Assert.fail(Assert.java:86)
	at org.junit.Assert.assertTrue(Assert.java:41)
	at org.junit.Assert.assertFalse(Assert.java:64)
	at org.junit.Assert.assertFalse(Assert.java:74)
	at br.com.bdd.steps.google.apresenta_a_lista_de_busca(google.java:40)
	at ✽.Then apresenta a lista de busca(google.feature:21)
</failure>
  </testcase>
</testsuite>